# JRE version: OpenJDK Runtime Environment Temurin-17.0.2+8 (17.0.2+8) (build 17.0.2+8)
# Java VM: OpenJDK 64-Bit Server VM Temurin-17.0.2+8 (17.0.2+8, mixed mode, tiered, compressed oops, compressed class ptrs, parallel gc, windows-amd64)
GC Precious Log:
 CPUs: 4 total, 4 available
 Memory: 4019M
 Large Page Support: Disabled
 NUMA Support: Disabled
 Compressed Oops: Enabled (32-bit)
 Alignments: Space 512K, Generation 512K, Heap 2M
 Heap Min Capacity: 100M
 Heap Initial Capacity: 100M
 Heap Max Capacity: 1G
 Pre-touch: Disabled
 Parallel Workers: 4
Heap:
 PSYoungGen      total 2048K, used 357K [0x00000000eab00000, 0x00000000eaf80000, 0x0000000100000000)
  eden space 1536K, 8% used [0x00000000eab00000,0x00000000eab21520,0x00000000eac80000)
  from space 512K, 43% used [0x00000000eaf00000,0x00000000eaf38000,0x00000000eaf80000)
  to   space 512K, 0% used [0x00000000eae80000,0x00000000eae80000,0x00000000eaf00000)
 ParOldGen       total 98816K, used 93131K [0x00000000c0000000, 0x00000000c6080000, 0x00000000eab00000)
  object space 98816K, 94% used [0x00000000c0000000,0x00000000c5af2f98,0x00000000c6080000)
 Metaspace       used 75288K, committed 76288K, reserved 1122304K
  class space    used 8100K, committed 8512K, reserved 1048576K
GC Heap History (20 events):
Event: 707.446 GC heap before
{Heap before GC invocations=107 (full 7):
 PSYoungGen      total 2048K, used 1632K [0x00000000eab00000, 0x00000000eaf80000, 0x0000000100000000)
  eden space 1536K, 100% used [0x00000000eab00000,0x00000000eac80000,0x00000000eac80000)
  from space 512K, 18% used [0x00000000eae80000,0x00000000eae98000,0x00000000eaf00000)
  to   space 512K, 0% used [0x00000000eaf00000,0x00000000eaf00000,0x00000000eaf80000)
 ParOldGen       total 98816K, used 82041K [0x00000000c0000000, 0x00000000c6080000, 0x00000000eab00000)
  object space 98816K, 83% used [0x00000000c0000000,0x00000000c501e590,0x00000000c6080000)
 Metaspace       used 75178K, committed 76224K, reserved 1122304K
  class space    used 8095K, committed 8512K, reserved 1048576K
}
Event: 707.447 GC heap after
{Heap after GC invocations=107 (full 7):
 PSYoungGen      total 2048K, used 267K [0x00000000eab00000, 0x00000000eaf80000, 0x0000000100000000)
  eden space 1536K, 0% used [0x00000000eab00000,0x00000000eab00000,0x00000000eac80000)
  from space 512K, 52% used [0x00000000eaf00000,0x00000000eaf42d58,0x00000000eaf80000)
  to   space 512K, 0% used [0x00000000eae80000,0x00000000eae80000,0x00000000eaf00000)
 ParOldGen       total 98816K, used 82665K [0x00000000c0000000, 0x00000000c6080000, 0x00000000eab00000)
  object space 98816K, 83% used [0x00000000c0000000,0x00000000c50ba7a0,0x00000000c6080000)
 Metaspace       used 75178K, committed 76224K, reserved 1122304K
  class space    used 8095K, committed 8512K, reserved 1048576K
}
Event: 707.452 GC heap before
{Heap before GC invocations=108 (full 7):
 PSYoungGen      total 2048K, used 1803K [0x00000000eab00000, 0x00000000eaf80000, 0x0000000100000000)
  eden space 1536K, 100% used [0x00000000eab00000,0x00000000eac80000,0x00000000eac80000)
  from space 512K, 52% used [0x00000000eaf00000,0x00000000eaf42d58,0x00000000eaf80000)
  to   space 512K, 0% used [0x00000000eae80000,0x00000000eae80000,0x00000000eaf00000)
 ParOldGen       total 98816K, used 82665K [0x00000000c0000000, 0x00000000c6080000, 0x00000000eab00000)
  object space 98816K, 83% used [0x00000000c0000000,0x00000000c50ba7a0,0x00000000c6080000)
 Metaspace       used 75178K, committed 76224K, reserved 1122304K
  class space    used 8095K, committed 8512K, reserved 1048576K
}
Event: 707.453 GC heap after
{Heap after GC invocations=108 (full 7):
 PSYoungGen      total 2048K, used 320K [0x00000000eab00000, 0x00000000eaf80000, 0x0000000100000000)
  eden space 1536K, 0% used [0x00000000eab00000,0x00000000eab00000,0x00000000eac80000)
  from space 512K, 62% used [0x00000000eae80000,0x00000000eaed0000,0x00000000eaf00000)
  to   space 512K, 0% used [0x00000000eaf00000,0x00000000eaf00000,0x00000000eaf80000)
 ParOldGen       total 98816K, used 82881K [0x00000000c0000000, 0x00000000c6080000, 0x00000000eab00000)
  object space 98816K, 83% used [0x00000000c0000000,0x00000000c50f0740,0x00000000c6080000)
 Metaspace       used 75178K, committed 76224K, reserved 1122304K
  class space    used 8095K, committed 8512K, reserved 1048576K
}
Event: 707.464 GC heap before
{Heap before GC invocations=109 (full 7):
 PSYoungGen      total 2048K, used 1856K [0x00000000eab00000, 0x00000000eaf80000, 0x0000000100000000)
  eden space 1536K, 100% used [0x00000000eab00000,0x00000000eac80000,0x00000000eac80000)
  from space 512K, 62% used [0x00000000eae80000,0x00000000eaed0000,0x00000000eaf00000)
  to   space 512K, 0% used [0x00000000eaf00000,0x00000000eaf00000,0x00000000eaf80000)
 ParOldGen       total 98816K, used 82881K [0x00000000c0000000, 0x00000000c6080000, 0x00000000eab00000)
  object space 98816K, 83% used [0x00000000c0000000,0x00000000c50f0740,0x00000000c6080000)
 Metaspace       used 75178K, committed 76224K, reserved 1122304K
  class space    used 8095K, committed 8512K, reserved 1048576K
}
Event: 707.465 GC heap after
{Heap after GC invocations=109 (full 7):
 PSYoungGen      total 2048K, used 328K [0x00000000eab00000, 0x00000000eaf80000, 0x0000000100000000)
  eden space 1536K, 0% used [0x00000000eab00000,0x00000000eab00000,0x00000000eac80000)
  from space 512K, 64% used [0x00000000eaf00000,0x00000000eaf52010,0x00000000eaf80000)
  to   space 512K, 0% used [0x00000000eae80000,0x00000000eae80000,0x00000000eaf00000)
 ParOldGen       total 98816K, used 83129K [0x00000000c0000000, 0x00000000c6080000, 0x00000000eab00000)
  object space 98816K, 84% used [0x00000000c0000000,0x00000000c512e740,0x00000000c6080000)
 Metaspace       used 75178K, committed 76224K, reserved 1122304K
  class space    used 8095K, committed 8512K, reserved 1048576K
}
Event: 707.680 GC heap before
{Heap before GC invocations=110 (full 7):
 PSYoungGen      total 2048K, used 1767K [0x00000000eab00000, 0x00000000eaf80000, 0x0000000100000000)
  eden space 1536K, 93% used [0x00000000eab00000,0x00000000eac67e08,0x00000000eac80000)
  from space 512K, 64% used [0x00000000eaf00000,0x00000000eaf52010,0x00000000eaf80000)
  to   space 512K, 0% used [0x00000000eae80000,0x00000000eae80000,0x00000000eaf00000)
 ParOldGen       total 98816K, used 84988K [0x00000000c0000000, 0x00000000c6080000, 0x00000000eab00000)
  object space 98816K, 86% used [0x00000000c0000000,0x00000000c52ff148,0x00000000c6080000)
 Metaspace       used 75178K, committed 76224K, reserved 1122304K
  class space    used 8095K, committed 8512K, reserved 1048576K
}
Event: 707.681 GC heap after
{Heap after GC invocations=110 (full 7):
 PSYoungGen      total 2048K, used 180K [0x00000000eab00000, 0x00000000eaf80000, 0x0000000100000000)
  eden space 1536K, 0% used [0x00000000eab00000,0x00000000eab00000,0x00000000eac80000)
  from space 512K, 35% used [0x00000000eae80000,0x00000000eaead200,0x00000000eaf00000)
  to   space 512K, 0% used [0x00000000eaf00000,0x00000000eaf00000,0x00000000eaf80000)
 ParOldGen       total 98816K, used 85132K [0x00000000c0000000, 0x00000000c6080000, 0x00000000eab00000)
  object space 98816K, 86% used [0x00000000c0000000,0x00000000c5323148,0x00000000c6080000)
 Metaspace       used 75178K, committed 76224K, reserved 1122304K
  class space    used 8095K, committed 8512K, reserved 1048576K
}
Event: 707.913 GC heap before
{Heap before GC invocations=111 (full 7):
 PSYoungGen      total 2048K, used 1620K [0x00000000eab00000, 0x00000000eaf80000, 0x0000000100000000)
  eden space 1536K, 93% used [0x00000000eab00000,0x00000000eac68088,0x00000000eac80000)
  from space 512K, 35% used [0x00000000eae80000,0x00000000eaead200,0x00000000eaf00000)
  to   space 512K, 0% used [0x00000000eaf00000,0x00000000eaf00000,0x00000000eaf80000)
 ParOldGen       total 98816K, used 86990K [0x00000000c0000000, 0x00000000c6080000, 0x00000000eab00000)
  object space 98816K, 88% used [0x00000000c0000000,0x00000000c54f3b50,0x00000000c6080000)
 Metaspace       used 75185K, committed 76224K, reserved 1122304K
  class space    used 8096K, committed 8512K, reserved 1048576K
}
Event: 707.915 GC heap after
{Heap after GC invocations=111 (full 7):
 PSYoungGen      total 2048K, used 128K [0x00000000eab00000, 0x00000000eaf80000, 0x0000000100000000)
  eden space 1536K, 0% used [0x00000000eab00000,0x00000000eab00000,0x00000000eac80000)
  from space 512K, 25% used [0x00000000eaf00000,0x00000000eaf20000,0x00000000eaf80000)
  to   space 512K, 0% used [0x00000000eae80000,0x00000000eae80000,0x00000000eaf00000)
 ParOldGen       total 98816K, used 87127K [0x00000000c0000000, 0x00000000c6080000, 0x00000000eab00000)
  object space 98816K, 88% used [0x00000000c0000000,0x00000000c5515f50,0x00000000c6080000)
 Metaspace       used 75185K, committed 76224K, reserved 1122304K
  class space    used 8096K, committed 8512K, reserved 1048576K
}
Event: 708.325 GC heap before
{Heap before GC invocations=112 (full 7):
 PSYoungGen      total 2048K, used 1664K [0x00000000eab00000, 0x00000000eaf80000, 0x0000000100000000)
  eden space 1536K, 100% used [0x00000000eab00000,0x00000000eac80000,0x00000000eac80000)
  from space 512K, 25% used [0x00000000eaf00000,0x00000000eaf20000,0x00000000eaf80000)
  to   space 512K, 0% used [0x00000000eae80000,0x00000000eae80000,0x00000000eaf00000)
 ParOldGen       total 98816K, used 87127K [0x00000000c0000000, 0x00000000c6080000, 0x00000000eab00000)
  object space 98816K, 88% used [0x00000000c0000000,0x00000000c5515f50,0x00000000c6080000)
 Metaspace       used 75197K, committed 76224K, reserved 1122304K
  class space    used 8096K, committed 8512K, reserved 1048576K
}
Event: 708.327 GC heap after
{Heap after GC invocations=112 (full 7):
 PSYoungGen      total 2048K, used 96K [0x00000000eab00000, 0x00000000eaf80000, 0x0000000100000000)
  eden space 1536K, 0% used [0x00000000eab00000,0x00000000eab00000,0x00000000eac80000)
  from space 512K, 18% used [0x00000000eae80000,0x00000000eae98000,0x00000000eaf00000)
  to   space 512K, 0% used [0x00000000eaf00000,0x00000000eaf00000,0x00000000eaf80000)
 ParOldGen       total 98816K, used 87175K [0x00000000c0000000, 0x00000000c6080000, 0x00000000eab00000)
  object space 98816K, 88% used [0x00000000c0000000,0x00000000c5521f50,0x00000000c6080000)
 Metaspace       used 75197K, committed 76224K, reserved 1122304K
  class space    used 8096K, committed 8512K, reserved 1048576K
}
Event: 708.494 GC heap before
{Heap before GC invocations=113 (full 7):
 PSYoungGen      total 2048K, used 1632K [0x00000000eab00000, 0x00000000eaf80000, 0x0000000100000000)
  eden space 1536K, 100% used [0x00000000eab00000,0x00000000eac80000,0x00000000eac80000)
  from space 512K, 18% used [0x00000000eae80000,0x00000000eae98000,0x00000000eaf00000)
  to   space 512K, 0% used [0x00000000eaf00000,0x00000000eaf00000,0x00000000eaf80000)
 ParOldGen       total 98816K, used 87175K [0x00000000c0000000, 0x00000000c6080000, 0x00000000eab00000)
  object space 98816K, 88% used [0x00000000c0000000,0x00000000c5521f50,0x00000000c6080000)
 Metaspace       used 75197K, committed 76224K, reserved 1122304K
  class space    used 8096K, committed 8512K, reserved 1048576K
}
Event: 708.495 GC heap after
{Heap after GC invocations=113 (full 7):
 PSYoungGen      total 2048K, used 128K [0x00000000eab00000, 0x00000000eaf80000, 0x0000000100000000)
  eden space 1536K, 0% used [0x00000000eab00000,0x00000000eab00000,0x00000000eac80000)
  from space 512K, 25% used [0x00000000eaf00000,0x00000000eaf20000,0x00000000eaf80000)
  to   space 512K, 0% used [0x00000000eae80000,0x00000000eae80000,0x00000000eaf00000)
 ParOldGen       total 98816K, used 87215K [0x00000000c0000000, 0x00000000c6080000, 0x00000000eab00000)
  object space 98816K, 88% used [0x00000000c0000000,0x00000000c552bf50,0x00000000c6080000)
 Metaspace       used 75197K, committed 76224K, reserved 1122304K
  class space    used 8096K, committed 8512K, reserved 1048576K
}
Event: 708.811 GC heap before
{Heap before GC invocations=114 (full 7):
 PSYoungGen      total 2048K, used 1663K [0x00000000eab00000, 0x00000000eaf80000, 0x0000000100000000)
  eden space 1536K, 99% used [0x00000000eab00000,0x00000000eac7fd98,0x00000000eac80000)
  from space 512K, 25% used [0x00000000eaf00000,0x00000000eaf20000,0x00000000eaf80000)
  to   space 512K, 0% used [0x00000000eae80000,0x00000000eae80000,0x00000000eaf00000)
 ParOldGen       total 98816K, used 87215K [0x00000000c0000000, 0x00000000c6080000, 0x00000000eab00000)
  object space 98816K, 88% used [0x00000000c0000000,0x00000000c552bf50,0x00000000c6080000)
 Metaspace       used 75250K, committed 76224K, reserved 1122304K
  class space    used 8099K, committed 8512K, reserved 1048576K
}
Event: 708.814 GC heap after
{Heap after GC invocations=114 (full 7):
 PSYoungGen      total 2048K, used 160K [0x00000000eab00000, 0x00000000eaf80000, 0x0000000100000000)
  eden space 1536K, 0% used [0x00000000eab00000,0x00000000eab00000,0x00000000eac80000)
  from space 512K, 31% used [0x00000000eae80000,0x00000000eaea8000,0x00000000eaf00000)
  to   space 512K, 0% used [0x00000000eaf00000,0x00000000eaf00000,0x00000000eaf80000)
 ParOldGen       total 98816K, used 87247K [0x00000000c0000000, 0x00000000c6080000, 0x00000000eab00000)
  object space 98816K, 88% used [0x00000000c0000000,0x00000000c5533f50,0x00000000c6080000)
 Metaspace       used 75250K, committed 76224K, reserved 1122304K
  class space    used 8099K, committed 8512K, reserved 1048576K
}
Event: 709.112 GC heap before
{Heap before GC invocations=115 (full 7):
 PSYoungGen      total 2048K, used 1696K [0x00000000eab00000, 0x00000000eaf80000, 0x0000000100000000)
  eden space 1536K, 100% used [0x00000000eab00000,0x00000000eac80000,0x00000000eac80000)
  from space 512K, 31% used [0x00000000eae80000,0x00000000eaea8000,0x00000000eaf00000)
  to   space 512K, 0% used [0x00000000eaf00000,0x00000000eaf00000,0x00000000eaf80000)
 ParOldGen       total 98816K, used 87247K [0x00000000c0000000, 0x00000000c6080000, 0x00000000eab00000)
  object space 98816K, 88% used [0x00000000c0000000,0x00000000c5533f50,0x00000000c6080000)
 Metaspace       used 75272K, committed 76288K, reserved 1122304K
  class space    used 8100K, committed 8512K, reserved 1048576K
}
Event: 709.113 GC heap after
{Heap after GC invocations=115 (full 7):
 PSYoungGen      total 2048K, used 192K [0x00000000eab00000, 0x00000000eaf80000, 0x0000000100000000)
  eden space 1536K, 0% used [0x00000000eab00000,0x00000000eab00000,0x00000000eac80000)
  from space 512K, 37% used [0x00000000eaf00000,0x00000000eaf30000,0x00000000eaf80000)
  to   space 512K, 0% used [0x00000000eae80000,0x00000000eae80000,0x00000000eaf00000)
 ParOldGen       total 98816K, used 87303K [0x00000000c0000000, 0x00000000c6080000, 0x00000000eab00000)
  object space 98816K, 88% used [0x00000000c0000000,0x00000000c5541f60,0x00000000c6080000)
 Metaspace       used 75272K, committed 76288K, reserved 1122304K
  class space    used 8100K, committed 8512K, reserved 1048576K
}
Event: 709.745 GC heap before
{Heap before GC invocations=116 (full 7):
 PSYoungGen      total 2048K, used 1590K [0x00000000eab00000, 0x00000000eaf80000, 0x0000000100000000)
  eden space 1536K, 91% used [0x00000000eab00000,0x00000000eac5d9a8,0x00000000eac80000)
  from space 512K, 37% used [0x00000000eaf00000,0x00000000eaf30000,0x00000000eaf80000)
  to   space 512K, 0% used [0x00000000eae80000,0x00000000eae80000,0x00000000eaf00000)
 ParOldGen       total 98816K, used 91020K [0x00000000c0000000, 0x00000000c6080000, 0x00000000eab00000)
  object space 98816K, 92% used [0x00000000c0000000,0x00000000c58e3370,0x00000000c6080000)
 Metaspace       used 75277K, committed 76288K, reserved 1122304K
  class space    used 8100K, committed 8512K, reserved 1048576K
}
Event: 709.747 GC heap after
{Heap after GC invocations=116 (full 7):
 PSYoungGen      total 2048K, used 196K [0x00000000eab00000, 0x00000000eaf80000, 0x0000000100000000)
  eden space 1536K, 0% used [0x00000000eab00000,0x00000000eab00000,0x00000000eac80000)
  from space 512K, 38% used [0x00000000eae80000,0x00000000eaeb1210,0x00000000eaf00000)
  to   space 512K, 0% used [0x00000000eaf00000,0x00000000eaf00000,0x00000000eaf80000)
 ParOldGen       total 98816K, used 91100K [0x00000000c0000000, 0x00000000c6080000, 0x00000000eab00000)
  object space 98816K, 92% used [0x00000000c0000000,0x00000000c58f7370,0x00000000c6080000)
 Metaspace       used 75277K, committed 76288K, reserved 1122304K
  class space    used 8100K, committed 8512K, reserved 1048576K
}

